<?xml version="1.0" encoding="UTF-8" ?>
<testsuites>
  <testsuite errors="0" failures="0" hostname="1234-PC" id="0" name="EqualTest" package="hr.fer.zemris.java.tecaj.hw5.db.test.ComparisonOperators" skipped="0" tests="1" time="0.157" timestamp="2015-04-16T18:45:27">
      <properties>
[...]
</properties>

      <testcase classname="hr.fer.zemris.java.tecaj.hw5.db.test.ComparisonOperators.EqualTest" name="Equal_True_ComparingTwoStringsUTF8" time="0.022" />

      <system-out><![CDATA[]]></system-out>

      <system-err><![CDATA[]]></system-err>

  </testsuite>
  <testsuite errors="0" failures="0" hostname="1234-PC" id="1" name="GreatherThanOrEqualTest" package="hr.fer.zemris.java.tecaj.hw5.db.test.ComparisonOperators" skipped="0" tests="2" time="0.03" timestamp="2015-04-16T18:45:27">
      <properties>
[...]
</properties>

      <testcase classname="hr.fer.zemris.java.tecaj.hw5.db.test.ComparisonOperators.GreatherThanOrEqualTest" name="GreatherThanOrEqual_True_ComparingTwoStringsUTF8" time="0.006" />

      <testcase classname="hr.fer.zemris.java.tecaj.hw5.db.test.ComparisonOperators.GreatherThanOrEqualTest" name="GreatherThanOrEqual_False_ComparingTwoStringsUTF8" time="0.015" />

      <system-out><![CDATA[]]></system-out>

      <system-err><![CDATA[]]></system-err>

  </testsuite>
  <testsuite errors="0" failures="0" hostname="1234-PC" id="2" name="GreatherThanTest" package="hr.fer.zemris.java.tecaj.hw5.db.test.ComparisonOperators" skipped="0" tests="2" time="0.031" timestamp="2015-04-16T18:45:27">
      <properties>
[...]
</properties>

      <testcase classname="hr.fer.zemris.java.tecaj.hw5.db.test.ComparisonOperators.GreatherThanTest" name="GreatherThan_True_ComparingTwoStringsUTF8" time="0.002" />

      <testcase classname="hr.fer.zemris.java.tecaj.hw5.db.test.ComparisonOperators.GreatherThanTest" name="GreatherThan_False_ComparingTwoStringsUTF8" time="0.001" />

      <system-out><![CDATA[]]></system-out>

      <system-err><![CDATA[]]></system-err>

  </testsuite>
  <testsuite errors="0" failures="0" hostname="1234-PC" id="3" name="NotEqualTest" package="hr.fer.zemris.java.tecaj.hw5.db.test.ComparisonOperators" skipped="0" tests="2" time="0.006" timestamp="2015-04-16T18:45:27">
      <properties>
[...]
</properties>

      <testcase classname="hr.fer.zemris.java.tecaj.hw5.db.test.ComparisonOperators.NotEqualTest" name="NotEqual_True_ComparingTwoStringsUTF8" time="0.001" />

      <testcase classname="hr.fer.zemris.java.tecaj.hw5.db.test.ComparisonOperators.NotEqualTest" name="NotEqual_False_ComparingTwoStringsUTF8" time="0.0" />

      <system-out><![CDATA[]]></system-out>

      <system-err><![CDATA[]]></system-err>

  </testsuite>
  <testsuite errors="0" failures="0" hostname="1234-PC" id="4" name="SmallerThanOrEqualTest" package="hr.fer.zemris.java.tecaj.hw5.db.test.ComparisonOperators" skipped="0" tests="2" time="0.007" timestamp="2015-04-16T18:45:27">
      <properties>
[...]
</properties>

      <testcase classname="hr.fer.zemris.java.tecaj.hw5.db.test.ComparisonOperators.SmallerThanOrEqualTest" name="SmallerThanOrEqual_True_ComparingTwoStringsUTF8" time="0.002" />

      <testcase classname="hr.fer.zemris.java.tecaj.hw5.db.test.ComparisonOperators.SmallerThanOrEqualTest" name="SmallerThanOrEqual_False_ComparingTwoStringsUTF8" time="0.0" />

      <system-out><![CDATA[]]></system-out>

      <system-err><![CDATA[]]></system-err>

  </testsuite>
  <testsuite errors="0" failures="0" hostname="1234-PC" id="5" name="SmallerThanTest" package="hr.fer.zemris.java.tecaj.hw5.db.test.ComparisonOperators" skipped="0" tests="2" time="0.013" timestamp="2015-04-16T18:45:27">
      <properties>
[...]
</properties>

      <testcase classname="hr.fer.zemris.java.tecaj.hw5.db.test.ComparisonOperators.SmallerThanTest" name="SmallerThan_False_ComparingTwoStringsUTF8" time="0.002" />

      <testcase classname="hr.fer.zemris.java.tecaj.hw5.db.test.ComparisonOperators.SmallerThanTest" name="SmallerThan_True_ComparingTwoStringsUTF8" time="0.0" />

      <system-out><![CDATA[]]></system-out>

      <system-err><![CDATA[]]></system-err>

  </testsuite>
  <testsuite errors="0" failures="0" hostname="1234-PC" id="6" name="ComparisonOperatosTest" package="hr.fer.zemris.java.tecaj.hw5.db.test" skipped="0" tests="6" time="0.176" timestamp="2015-04-16T16:02:07">
      <properties>
[...]
</properties>

      <testcase classname="hr.fer.zemris.java.tecaj.hw5.db.test.ComparisonOperatosTest" name="GreatherThan_False_ComparingTwoStringsUTF8" time="0.027" />

      <testcase classname="hr.fer.zemris.java.tecaj.hw5.db.test.ComparisonOperatosTest" name="GreatherThanOrEqual_True_ComparingTwoStringsUTF8" time="0.002" />

      <testcase classname="hr.fer.zemris.java.tecaj.hw5.db.test.ComparisonOperatosTest" name="SmallerThanOrEqual_True_ComparingTwoStringsUTF8" time="0.001" />

      <testcase classname="hr.fer.zemris.java.tecaj.hw5.db.test.ComparisonOperatosTest" name="NotEqual_True_ComparingTwoStringsUTF8" time="0.002" />

      <testcase classname="hr.fer.zemris.java.tecaj.hw5.db.test.ComparisonOperatosTest" name="Equal_True_ComparingTwoStringsUTF8" time="0.002" />

      <testcase classname="hr.fer.zemris.java.tecaj.hw5.db.test.ComparisonOperatosTest" name="SmallerThan_True_ComparingTwoStringsUTF8" time="0.005" />

      <system-out><![CDATA[]]></system-out>

      <system-err><![CDATA[]]></system-err>

  </testsuite>
  <testsuite errors="0" failures="0" hostname="1234-PC" id="7" name="ConditionalExpressionTest" package="hr.fer.zemris.java.tecaj.hw5.db.test" skipped="0" tests="3" time="0.011" timestamp="2015-04-16T18:45:27">
      <properties>
[...]
</properties>

      <testcase classname="hr.fer.zemris.java.tecaj.hw5.db.test.ConditionalExpressionTest" name="getFieldGetter_True_Value" time="0.003" />

      <testcase classname="hr.fer.zemris.java.tecaj.hw5.db.test.ConditionalExpressionTest" name="getStringLitteral_True_Value" time="0.0" />

      <testcase classname="hr.fer.zemris.java.tecaj.hw5.db.test.ConditionalExpressionTest" name="getComparisonOperator_True_Value" time="0.0" />

      <system-out><![CDATA[]]></system-out>

      <system-err><![CDATA[]]></system-err>

  </testsuite>
  <testsuite errors="0" failures="0" hostname="1234-PC" id="8" name="FirstNameGetterTest" package="hr.fer.zemris.java.tecaj.hw5.db.test.FieldNameGetters" skipped="0" tests="2" time="0.016" timestamp="2015-04-16T18:45:27">
      <properties>
[...]
</properties>

      <testcase classname="hr.fer.zemris.java.tecaj.hw5.db.test.FieldNameGetters.FirstNameGetterTest" name="FirstNameGetter_IllegalArgumentException_Null" time="0.002" />

      <testcase classname="hr.fer.zemris.java.tecaj.hw5.db.test.FieldNameGetters.FirstNameGetterTest" name="FirstNameGetter_True_Value" time="0.003" />

      <system-out><![CDATA[]]></system-out>

      <system-err><![CDATA[]]></system-err>

  </testsuite>
  <testsuite errors="0" failures="0" hostname="1234-PC" id="9" name="JmbagGetterTest" package="hr.fer.zemris.java.tecaj.hw5.db.test.FieldNameGetters" skipped="0" tests="2" time="0.009" timestamp="2015-04-16T18:45:27">
      <properties>
[...]
</properties>

      <testcase classname="hr.fer.zemris.java.tecaj.hw5.db.test.FieldNameGetters.JmbagGetterTest" name="Jmbagetter_True_Value" time="0.002" />

      <testcase classname="hr.fer.zemris.java.tecaj.hw5.db.test.FieldNameGetters.JmbagGetterTest" name="JmbagGetter_IllegalArgumentException_Null" time="0.0" />

      <system-out><![CDATA[]]></system-out>

      <system-err><![CDATA[]]></system-err>

  </testsuite>
  <testsuite errors="0" failures="0" hostname="1234-PC" id="10" name="LastNameGetterTest" package="hr.fer.zemris.java.tecaj.hw5.db.test.FieldNameGetters" skipped="0" tests="2" time="0.007" timestamp="2015-04-16T18:45:27">
      <properties>
[...]
</properties>

      <testcase classname="hr.fer.zemris.java.tecaj.hw5.db.test.FieldNameGetters.LastNameGetterTest" name="LastNameGetter_IllegalArgumentException_Null" time="0.001" />

      <testcase classname="hr.fer.zemris.java.tecaj.hw5.db.test.FieldNameGetters.LastNameGetterTest" name="LastNameGetter_True_Value" time="0.0" />

      <system-out><![CDATA[]]></system-out>

      <system-err><![CDATA[]]></system-err>

  </testsuite>
  <testsuite errors="0" failures="0" hostname="1234-PC" id="11" name="FieldNameGettersTest" package="hr.fer.zemris.java.tecaj.hw5.db.test" skipped="0" tests="6" time="0.024" timestamp="2015-04-16T16:02:08">
      <properties>
[...]
</properties>

      <testcase classname="hr.fer.zemris.java.tecaj.hw5.db.test.FieldNameGettersTest" name="LastNameGetter_IllegalArgumentException_Null" time="0.0" />

      <testcase classname="hr.fer.zemris.java.tecaj.hw5.db.test.FieldNameGettersTest" name="Jmbagetter_True_Value" time="0.003" />

      <testcase classname="hr.fer.zemris.java.tecaj.hw5.db.test.FieldNameGettersTest" name="LastNameGetter_True_Value" time="0.0" />

      <testcase classname="hr.fer.zemris.java.tecaj.hw5.db.test.FieldNameGettersTest" name="FirstNameGetter_IllegalArgumentException_Null" time="0.001" />

      <testcase classname="hr.fer.zemris.java.tecaj.hw5.db.test.FieldNameGettersTest" name="FirstNameGetter_True_Value" time="0.0" />

      <testcase classname="hr.fer.zemris.java.tecaj.hw5.db.test.FieldNameGettersTest" name="JmbagGetter_IllegalArgumentException_Null" time="0.0" />

      <system-out><![CDATA[]]></system-out>

      <system-err><![CDATA[]]></system-err>

  </testsuite>
  <testsuite errors="0" failures="0" hostname="1234-PC" id="12" name="PrintTableTest" package="hr.fer.zemris.java.tecaj.hw5.db.test" skipped="0" tests="1" time="0.008" timestamp="2015-04-16T18:45:27">
      <properties>
[...]
</properties>

      <testcase classname="hr.fer.zemris.java.tecaj.hw5.db.test.PrintTableTest" name="getTable_True_Value" time="0.003" />

      <system-out><![CDATA[]]></system-out>

      <system-err><![CDATA[]]></system-err>

  </testsuite>
  <testsuite errors="0" failures="0" hostname="1234-PC" id="13" name="ProcessQueryTest" package="hr.fer.zemris.java.tecaj.hw5.db.test" skipped="0" tests="4" time="0.02" timestamp="2015-04-16T18:45:27">
      <properties>
[...]
</properties>

      <testcase classname="hr.fer.zemris.java.tecaj.hw5.db.test.ProcessQueryTest" name="process_UsingIndexForRetrieval" time="0.011" />

      <testcase classname="hr.fer.zemris.java.tecaj.hw5.db.test.ProcessQueryTest" name="process_IllegalArgumentExcetpion_DifferentJmbags" time="0.001" />

      <testcase classname="hr.fer.zemris.java.tecaj.hw5.db.test.ProcessQueryTest" name="process_ValidQuery" time="0.001" />

      <testcase classname="hr.fer.zemris.java.tecaj.hw5.db.test.ProcessQueryTest" name="process_IllegalArgumentExcetpion_AndMisses" time="0.0" />

      <system-out><![CDATA[Using index for record retrieval.
+============+===========+=======+===+
| 0000000001 | Akšamović | Marin | 5 |
+============+===========+=======+===+

Records selected:1
+============+===========+=======+===+
| 0000000001 | Akšamović | Marin | 5 |
| 0000000002 | Bakamović | Petra | 3 |
+============+===========+=======+===+

Records selected:2
]]></system-out>

      <system-err><![CDATA[]]></system-err>

  </testsuite>
  <testsuite errors="0" failures="0" hostname="1234-PC" id="14" name="QuerryFilterTest" package="hr.fer.zemris.java.tecaj.hw5.db.test" skipped="0" tests="6" time="0.015" timestamp="2015-04-16T18:45:27">
      <properties>
[...]
</properties>

      <testcase classname="hr.fer.zemris.java.tecaj.hw5.db.test.QuerryFilterTest" name="consturctor_IllegalArgumentException_ParsingForJMBAG" time="0.004" />

      <testcase classname="hr.fer.zemris.java.tecaj.hw5.db.test.QuerryFilterTest" name="constructor_IllegalArgumentException_InvalidQuery" time="0.001" />

      <testcase classname="hr.fer.zemris.java.tecaj.hw5.db.test.QuerryFilterTest" name="getJMBAG_IllegalArgumentException_ParsingForJMBAG" time="0.001" />

      <testcase classname="hr.fer.zemris.java.tecaj.hw5.db.test.QuerryFilterTest" name="accepts_True_TestingParsing" time="0.002" />

      <testcase classname="hr.fer.zemris.java.tecaj.hw5.db.test.QuerryFilterTest" name="getJMBAG_IllegalArgumentException_ParsingForJMBAGTwice" time="0.001" />

      <testcase classname="hr.fer.zemris.java.tecaj.hw5.db.test.QuerryFilterTest" name="constructor_IllegalArgumentException_NotEnoughAnd" time="0.001" />

      <system-out><![CDATA[]]></system-out>

      <system-err><![CDATA[]]></system-err>

  </testsuite>
  <testsuite errors="0" failures="0" hostname="1234-PC" id="15" name="StudentDBTest" package="hr.fer.zemris.java.tecaj.hw5.db.test" skipped="0" tests="1" time="0.038" timestamp="2015-04-16T18:45:27">
      <properties>
[...]
</properties>

      <testcase classname="hr.fer.zemris.java.tecaj.hw5.db.test.StudentDBTest" name="main" time="0.035" />

      <system-out><![CDATA[> +============+==================+===========+===+
| 0000000001 | Akšamović        | Marin     | 2 |
| 0000000002 | Bakamović        | Petra     | 3 |
| 0000000003 | Bosnić           | Andrea    | 4 |
| 0000000004 | Božić            | Marin     | 5 |
| 0000000005 | Brezović         | Jusufadis | 2 |
| 0000000006 | Cvrlje           | Ivan      | 3 |
| 0000000007 | Čima             | Sanjin    | 4 |
| 0000000008 | Ćurić            | Marko     | 5 |
| 0000000009 | Dean             | Nataša    | 2 |
| 0000000010 | Dokleja          | Luka      | 3 |
| 0000000011 | Dvorničić        | Jura      | 4 |
| 0000000012 | Franković        | Hrvoje    | 5 |
| 0000000013 | Gagić            | Mateja    | 2 |
| 0000000014 | Gašić            | Mirta     | 3 |
| 0000000015 | Glavinić Pecotić | Kristijan | 4 |
| 0000000016 | Glumac           | Milan     | 5 |
| 0000000017 | Grđan            | Goran     | 2 |
| 0000000018 | Gužvinec         | Matija    | 3 |
| 0000000019 | Gvardijan        | Slaven    | 4 |
| 0000000020 | Hibner           | Sonja     | 5 |
| 0000000021 | Jakobušić        | Antonija  | 2 |
| 0000000022 | Jurina           | Filip     | 3 |
| 0000000023 | Kalvarešin       | Ana       | 4 |
| 0000000024 | Karlović         | Đive      | 5 |
| 0000000025 | Katanić          | Dino      | 2 |
| 0000000026 | Katunarić        | Zoran     | 3 |
| 0000000027 | Komunjer         | Luka      | 4 |
| 0000000028 | Kosanović        | Nenad     | 5 |
| 0000000029 | Kos-Grabar       | Ivo       | 2 |
| 0000000030 | Kovačević        | Boris     | 3 |
| 0000000031 | Krušelj Posavec  | Bojan     | 4 |
| 0000000032 | Lučev            | Tomislav  | 5 |
| 0000000033 | Machiedo         | Ivor      | 2 |
| 0000000034 | Majić            | Diana     | 3 |
| 0000000035 | Marić            | Ivan      | 4 |
| 0000000036 | Markić           | Ante      | 5 |
| 0000000037 | Markoč           | Domagoj   | 2 |
| 0000000038 | Markotić         | Josip     | 3 |
| 0000000039 | Martinec         | Jelena    | 4 |
| 0000000040 | Mišura           | Zrinka    | 5 |
| 0000000041 | Orešković        | Jakša     | 2 |
| 0000000042 | Palajić          | Nikola    | 3 |
| 0000000043 | Perica           | Krešimir  | 4 |
| 0000000044 | Pilat            | Ivan      | 5 |
| 0000000045 | Rahle            | Vedran    | 2 |
| 0000000046 | Rajtar           | Robert    | 3 |
| 0000000047 | Rakipović        | Ivan      | 4 |
| 0000000048 | Rezić            | Bruno     | 5 |
| 0000000049 | Saratlija        | Branimir  | 2 |
| 0000000050 | Sikirica         | Alen      | 3 |
| 0000000051 | Skočir           | Andro     | 4 |
| 0000000052 | Slijepčević      | Josip     | 5 |
| 0000000053 | Srdarević        | Dario     | 2 |
| 0000000054 | Šamija           | Pavle     | 3 |
| 0000000055 | Šimunov          | Ivan      | 4 |
| 0000000056 | Šimunović        | Veljko    | 5 |
| 0000000057 | Širanović        | Hrvoje    | 2 |
| 0000000058 | Šoić             | Vice      | 3 |
| 0000000059 | Štruml           | Marin     | 4 |
| 0000000060 | Vignjević        | Irena     | 5 |
| 0000000061 | Vukojević        | Renato    | 2 |
| 0000000062 | Zadro            | Kristijan | 3 |
| 0000000063 | Žabčić           | Željko    | 4 |
+============+==================+===========+===+

Records selected:63
> Invalid entry. Query must start with word: query.
> End database searching.]]></system-out>

      <system-err><![CDATA[]]></system-err>

  </testsuite>
  <testsuite errors="0" failures="0" hostname="1234-PC" id="16" name="StudentDatabaseTest" package="hr.fer.zemris.java.tecaj.hw5.db.test" skipped="0" tests="3" time="0.007" timestamp="2015-04-16T18:45:28">
      <properties>
[...]
</properties>

      <testcase classname="hr.fer.zemris.java.tecaj.hw5.db.test.StudentDatabaseTest" name="constructor_True_TestArguments" time="0.0" />

      <testcase classname="hr.fer.zemris.java.tecaj.hw5.db.test.StudentDatabaseTest" name="constructor_NumberFormatException_NotInteger" time="0.0" />

      <testcase classname="hr.fer.zemris.java.tecaj.hw5.db.test.StudentDatabaseTest" name="constructor_IllegalArgumentException_GradeBiggerThan5" time="0.0" />

      <system-out><![CDATA[]]></system-out>

      <system-err><![CDATA[]]></system-err>

  </testsuite>
  <testsuite errors="0" failures="0" hostname="1234-PC" id="17" name="StudentRecordTest" package="hr.fer.zemris.java.tecaj.hw5.db.test" skipped="0" tests="5" time="0.01" timestamp="2015-04-16T18:45:28">
      <properties>
[...]
</properties>

      <testcase classname="hr.fer.zemris.java.tecaj.hw5.db.test.StudentRecordTest" name="constructor_IllegalArgumentException_GradeGreatherThan5" time="0.0" />

      <testcase classname="hr.fer.zemris.java.tecaj.hw5.db.test.StudentRecordTest" name="getJmbag_True_Getter" time="0.0" />

      <testcase classname="hr.fer.zemris.java.tecaj.hw5.db.test.StudentRecordTest" name="getJLastName_True_Getter" time="0.0" />

      <testcase classname="hr.fer.zemris.java.tecaj.hw5.db.test.StudentRecordTest" name="setFinalGrade_True_SettingNewGrade" time="0.0" />

      <testcase classname="hr.fer.zemris.java.tecaj.hw5.db.test.StudentRecordTest" name="getJFirstName_True_Getter" time="0.0" />

      <system-out><![CDATA[]]></system-out>

      <system-err><![CDATA[]]></system-err>

  </testsuite>
</testsuites>
