<?xml version="1.0" encoding="UTF-8" ?>
<testsuite tests="22" failures="1" name="hr.fer.zemris.linearna.AbstractVectorTest" time="0.041" errors="1" skipped="0">
  <properties>
[...]
</properties>
  <testcase classname="hr.fer.zemris.linearna.AbstractVectorTest" name="nFromHomogenus_True_Value" time="0"/>
  <testcase classname="hr.fer.zemris.linearna.AbstractVectorTest" name="nFromGomogenus_IncompatibleOperandException_Dimension1" time="0"/>
  <testcase classname="hr.fer.zemris.linearna.AbstractVectorTest" name="toColumnMatrix_True_RowMatrix" time="0.04"/>
  <testcase classname="hr.fer.zemris.linearna.AbstractVectorTest" name="nSubTest_True_OriginalVectorUnchanged" time="0"/>
  <testcase classname="hr.fer.zemris.linearna.AbstractVectorTest" name="normalize_True_UnitVector" time="0"/>
  <testcase classname="hr.fer.zemris.linearna.AbstractVectorTest" name="nVectorPorduct_True_Value" time="0"/>
  <testcase classname="hr.fer.zemris.linearna.AbstractVectorTest" name="copyPart_True_CopiedValue" time="0"/>
  <testcase classname="hr.fer.zemris.linearna.AbstractVectorTest" name="toString_IllegalArgumentException_NegativeDecimals" time="0.001">
    <error message="Decimals number is smaller than zero :-1" type="java.lang.IllegalArgumentException">java.lang.IllegalArgumentException: Decimals number is smaller than zero :-1
	at hr.fer.zemris.linearna.AbstractVector.toString(AbstractVector.java:339)
	at hr.fer.zemris.linearna.AbstractVectorTest.toString_IllegalArgumentException_NegativeDecimals(AbstractVectorTest.java:199)
	at sun.reflect.NativeMethodAccessorImpl.invoke0(Native Method)
	at sun.reflect.NativeMethodAccessorImpl.invoke(NativeMethodAccessorImpl.java:62)
	at sun.reflect.DelegatingMethodAccessorImpl.invoke(DelegatingMethodAccessorImpl.java:43)
	at java.lang.reflect.Method.invoke(Method.java:497)
	at org.junit.runners.model.FrameworkMethod$1.runReflectiveCall(FrameworkMethod.java:50)
	at org.junit.internal.runners.model.ReflectiveCallable.run(ReflectiveCallable.java:12)
	at org.junit.runners.model.FrameworkMethod.invokeExplosively(FrameworkMethod.java:47)
	at org.junit.internal.runners.statements.InvokeMethod.evaluate(InvokeMethod.java:17)
	at org.junit.runners.ParentRunner.runLeaf(ParentRunner.java:325)
	at org.junit.runners.BlockJUnit4ClassRunner.runChild(BlockJUnit4ClassRunner.java:78)
	at org.junit.runners.BlockJUnit4ClassRunner.runChild(BlockJUnit4ClassRunner.java:57)
	at org.junit.runners.ParentRunner$3.run(ParentRunner.java:290)
	at org.junit.runners.ParentRunner$1.schedule(ParentRunner.java:71)
	at org.junit.runners.ParentRunner.runChildren(ParentRunner.java:288)
	at org.junit.runners.ParentRunner.access$000(ParentRunner.java:58)
	at org.junit.runners.ParentRunner$2.evaluate(ParentRunner.java:268)
	at org.junit.runners.ParentRunner.run(ParentRunner.java:363)
	at org.apache.maven.surefire.junit4.JUnit4Provider.execute(JUnit4Provider.java:252)
	at org.apache.maven.surefire.junit4.JUnit4Provider.executeTestSet(JUnit4Provider.java:141)
	at org.apache.maven.surefire.junit4.JUnit4Provider.invoke(JUnit4Provider.java:112)
	at sun.reflect.NativeMethodAccessorImpl.invoke0(Native Method)
	at sun.reflect.NativeMethodAccessorImpl.invoke(NativeMethodAccessorImpl.java:62)
	at sun.reflect.DelegatingMethodAccessorImpl.invoke(DelegatingMethodAccessorImpl.java:43)
	at java.lang.reflect.Method.invoke(Method.java:497)
	at org.apache.maven.surefire.util.ReflectionUtils.invokeMethodWithArray(ReflectionUtils.java:189)
	at org.apache.maven.surefire.booter.ProviderFactory$ProviderProxy.invoke(ProviderFactory.java:165)
	at org.apache.maven.surefire.booter.ProviderFactory.invokeProvider(ProviderFactory.java:85)
	at org.apache.maven.surefire.booter.ForkedBooter.runSuitesInProcess(ForkedBooter.java:115)
	at org.apache.maven.surefire.booter.ForkedBooter.main(ForkedBooter.java:75)
</error>
  </testcase>
  <testcase classname="hr.fer.zemris.linearna.AbstractVectorTest" name="toRowMatrix_True_RowMatrix" time="0"/>
  <testcase classname="hr.fer.zemris.linearna.AbstractVectorTest" name="addTest_True_AddVector" time="0"/>
  <testcase classname="hr.fer.zemris.linearna.AbstractVectorTest" name="scalarMultiply_True_Value" time="0"/>
  <testcase classname="hr.fer.zemris.linearna.AbstractVectorTest" name="cosine_True_Value" time="0"/>
  <testcase classname="hr.fer.zemris.linearna.AbstractVectorTest" name="nVectorPorduct_IncompatibleOperandException_VectorsDimensionNot3" time="0"/>
  <testcase classname="hr.fer.zemris.linearna.AbstractVectorTest" name="scalar_True_Value" time="0"/>
  <testcase classname="hr.fer.zemris.linearna.AbstractVectorTest" name="nNormalize_True_UnitVector" time="0"/>
  <testcase classname="hr.fer.zemris.linearna.AbstractVectorTest" name="normalize_IncompatibleOperandException_NormIsZero" time="0"/>
  <testcase classname="hr.fer.zemris.linearna.AbstractVectorTest" name="toString_True_Output" time="0">
    <failure message="expected:&lt;(3[.000,-3.000,1.]000)&gt; but was:&lt;(3[,000,-3,000,1,]000)&gt;" type="org.junit.ComparisonFailure">org.junit.ComparisonFailure: expected:&lt;(3[.000,-3.000,1.]000)&gt; but was:&lt;(3[,000,-3,000,1,]000)&gt;
	at org.junit.Assert.assertEquals(Assert.java:115)
	at org.junit.Assert.assertEquals(Assert.java:144)
	at hr.fer.zemris.linearna.AbstractVectorTest.toString_True_Output(AbstractVectorTest.java:152)
	at sun.reflect.NativeMethodAccessorImpl.invoke0(Native Method)
	at sun.reflect.NativeMethodAccessorImpl.invoke(NativeMethodAccessorImpl.java:62)
	at sun.reflect.DelegatingMethodAccessorImpl.invoke(DelegatingMethodAccessorImpl.java:43)
	at java.lang.reflect.Method.invoke(Method.java:497)
	at org.junit.runners.model.FrameworkMethod$1.runReflectiveCall(FrameworkMethod.java:50)
	at org.junit.internal.runners.model.ReflectiveCallable.run(ReflectiveCallable.java:12)
	at org.junit.runners.model.FrameworkMethod.invokeExplosively(FrameworkMethod.java:47)
	at org.junit.internal.runners.statements.InvokeMethod.evaluate(InvokeMethod.java:17)
	at org.junit.runners.ParentRunner.runLeaf(ParentRunner.java:325)
	at org.junit.runners.BlockJUnit4ClassRunner.runChild(BlockJUnit4ClassRunner.java:78)
	at org.junit.runners.BlockJUnit4ClassRunner.runChild(BlockJUnit4ClassRunner.java:57)
	at org.junit.runners.ParentRunner$3.run(ParentRunner.java:290)
	at org.junit.runners.ParentRunner$1.schedule(ParentRunner.java:71)
	at org.junit.runners.ParentRunner.runChildren(ParentRunner.java:288)
	at org.junit.runners.ParentRunner.access$000(ParentRunner.java:58)
	at org.junit.runners.ParentRunner$2.evaluate(ParentRunner.java:268)
	at org.junit.runners.ParentRunner.run(ParentRunner.java:363)
	at org.apache.maven.surefire.junit4.JUnit4Provider.execute(JUnit4Provider.java:252)
	at org.apache.maven.surefire.junit4.JUnit4Provider.executeTestSet(JUnit4Provider.java:141)
	at org.apache.maven.surefire.junit4.JUnit4Provider.invoke(JUnit4Provider.java:112)
	at sun.reflect.NativeMethodAccessorImpl.invoke0(Native Method)
	at sun.reflect.NativeMethodAccessorImpl.invoke(NativeMethodAccessorImpl.java:62)
	at sun.reflect.DelegatingMethodAccessorImpl.invoke(DelegatingMethodAccessorImpl.java:43)
	at java.lang.reflect.Method.invoke(Method.java:497)
	at org.apache.maven.surefire.util.ReflectionUtils.invokeMethodWithArray(ReflectionUtils.java:189)
	at org.apache.maven.surefire.booter.ProviderFactory$ProviderProxy.invoke(ProviderFactory.java:165)
	at org.apache.maven.surefire.booter.ProviderFactory.invokeProvider(ProviderFactory.java:85)
	at org.apache.maven.surefire.booter.ForkedBooter.runSuitesInProcess(ForkedBooter.java:115)
	at org.apache.maven.surefire.booter.ForkedBooter.main(ForkedBooter.java:75)
</failure>
  </testcase>
  <testcase classname="hr.fer.zemris.linearna.AbstractVectorTest" name="nAddTest_True_OriginalVectorUnchanged" time="0"/>
  <testcase classname="hr.fer.zemris.linearna.AbstractVectorTest" name="cosine_IncompatibleOperandException_Norm0" time="0"/>
  <testcase classname="hr.fer.zemris.linearna.AbstractVectorTest" name="subTest_True_SubVector" time="0"/>
  <testcase classname="hr.fer.zemris.linearna.AbstractVectorTest" name="toArray_True_Value" time="0"/>
  <testcase classname="hr.fer.zemris.linearna.AbstractVectorTest" name="nFromGomogenus_IncompatibleOperandException_LastElement0" time="0"/>
</testsuite>